<html>
<head>
<title>TestNG:  Node - 2</title>
<link href="../testng.css" rel="stylesheet" type="text/css" />
<link href="../my-testng.css" rel="stylesheet" type="text/css" />

<style type="text/css">
.log { display: none;} 
.stack-trace { display: none;} 
</style>
<script type="text/javascript">
<!--
function flip(e) {
  current = e.style.display;
  if (current == 'block') {
    e.style.display = 'none';
    return 0;
  }
  else {
    e.style.display = 'block';
    return 1;
  }
}

function toggleBox(szDivId, elem, msg1, msg2)
{
  var res = -1;  if (document.getElementById) {
    res = flip(document.getElementById(szDivId));
  }
  else if (document.all) {
    // this is the way old msie versions work
    res = flip(document.all[szDivId]);
  }
  if(elem) {
    if(res == 0) elem.innerHTML = msg1; else elem.innerHTML = msg2;
  }

}

function toggleAllBoxes() {
  if (document.getElementsByTagName) {
    d = document.getElementsByTagName('div');
    for (i = 0; i < d.length; i++) {
      if (d[i].className == 'log') {
        flip(d[i]);
      }
    }
  }
}

// -->
</script>

</head>
<body>
<h2 align='center'>Node - 2</h2><table border='1' align="center">
<tr>
<td>Tests passed/Failed/Skipped:</td><td>4/4/0</td>
</tr><tr>
<td>Started on:</td><td>Fri Jun 14 19:34:54 IST 2019</td>
</tr>
<tr><td>Total time:</td><td>357 seconds (357581 ms)</td>
</tr><tr>
<td>Included groups:</td><td></td>
</tr><tr>
<td>Excluded groups:</td><td></td>
</tr>
</table><p/>
<small><i>(Hover the method name to see the test class name)</i></small><p/>
<table width='100%' border='1' class='invocation-failed'>
<tr><td colspan='4' align='center'><b>FAILED TESTS</b></td></tr>
<tr><td><b>Test method</b></td>
<td width="30%"><b>Exception</b></td>
<td width="10%"><b>Time (seconds)</b></td>
<td><b>Instance</b></td>
</tr>
<tr>
<td title='zagg.prodRegistration.ProductRegistartionTests.addressMandatoryFields()'><b>addressMandatoryFields</b><br>Test class: zagg.prodRegistration.ProductRegistartionTests</td>
<td><div><pre>java.lang.AssertionError: The following asserts failed:
	expected [This is a required field.] but found [This is a required field]
	at zagg.prodRegistration.ProductRegistartionMethods.validateaddAddressMandatories(ProductRegistartionMethods.java:454)
	at zagg.prodRegistration.ProductRegistartionTests.addressMandatoryFields(ProductRegistartionTests.java:63)
	at java.util.concurrent.FutureTask.run(FutureTask.java:266)
	at java.util.concurrent.ThreadPoolExecutor.runWorker(ThreadPoolExecutor.java:1149)
	at java.util.concurrent.ThreadPoolExecutor$Worker.run(ThreadPoolExecutor.java:624)
	at java.lang.Thread.run(Thread.java:748)
... Removed 17 stack frames</pre></div><a href='#' onClick='toggleBox("stack-trace2014193535", this, "Click to show all stack frames", "Click to hide stack frames")'>Click to show all stack frames</a>
<div class='stack-trace' id='stack-trace2014193535'><pre>java.lang.AssertionError: The following asserts failed:
	expected [This is a required field.] but found [This is a required field]
	at org.testng.asserts.SoftAssert.assertAll(SoftAssert.java:43)
	at zagg.prodRegistration.ProductRegistartionMethods.validateaddAddressMandatories(ProductRegistartionMethods.java:454)
	at zagg.prodRegistration.ProductRegistartionTests.addressMandatoryFields(ProductRegistartionTests.java:63)
	at sun.reflect.NativeMethodAccessorImpl.invoke0(Native Method)
	at sun.reflect.NativeMethodAccessorImpl.invoke(NativeMethodAccessorImpl.java:62)
	at sun.reflect.DelegatingMethodAccessorImpl.invoke(DelegatingMethodAccessorImpl.java:43)
	at java.lang.reflect.Method.invoke(Method.java:498)
	at org.testng.internal.MethodInvocationHelper.invokeMethod(MethodInvocationHelper.java:124)
	at org.testng.internal.Invoker.invokeMethod(Invoker.java:583)
	at org.testng.internal.Invoker.invokeTestMethod(Invoker.java:719)
	at org.testng.internal.Invoker.invokeTestMethods(Invoker.java:989)
	at org.testng.internal.TestMethodWorker.invokeTestMethods(TestMethodWorker.java:125)
	at org.testng.internal.TestMethodWorker.run(TestMethodWorker.java:109)
	at org.testng.TestRunner.privateRun(TestRunner.java:648)
	at org.testng.TestRunner.run(TestRunner.java:505)
	at org.testng.SuiteRunner.runTest(SuiteRunner.java:455)
	at org.testng.SuiteRunner.access$000(SuiteRunner.java:40)
	at org.testng.SuiteRunner$SuiteWorker.run(SuiteRunner.java:489)
	at org.testng.internal.thread.ThreadUtil$1.call(ThreadUtil.java:52)
	at java.util.concurrent.FutureTask.run(FutureTask.java:266)
	at java.util.concurrent.ThreadPoolExecutor.runWorker(ThreadPoolExecutor.java:1149)
	at java.util.concurrent.ThreadPoolExecutor$Worker.run(ThreadPoolExecutor.java:624)
	at java.lang.Thread.run(Thread.java:748)
</pre></div></td>
<td>46</td>
<td>zagg.prodRegistration.ProductRegistartionTests@68bbe345</td></tr>
<tr>
<td title='zagg.prodRegistration.ProductRegistartionTests.registerProdThruSerialNumber()'><b>registerProdThruSerialNumber</b><br>Test class: zagg.prodRegistration.ProductRegistartionTests</td>
<td><div><pre>java.lang.AssertionError: expected [110119GR9574] but found []
	at zagg.prodRegistration.ProductRegistartionMethods.reviewProductAndRegister(ProductRegistartionMethods.java:467)
	at zagg.prodRegistration.ProductRegistartionTests.registerProdThruSerialNumber(ProductRegistartionTests.java:75)
	at java.util.concurrent.FutureTask.run(FutureTask.java:266)
	at java.util.concurrent.ThreadPoolExecutor.runWorker(ThreadPoolExecutor.java:1149)
	at java.util.concurrent.ThreadPoolExecutor$Worker.run(ThreadPoolExecutor.java:624)
	at java.lang.Thread.run(Thread.java:748)
... Removed 22 stack frames</pre></div><a href='#' onClick='toggleBox("stack-trace504953587", this, "Click to show all stack frames", "Click to hide stack frames")'>Click to show all stack frames</a>
<div class='stack-trace' id='stack-trace504953587'><pre>java.lang.AssertionError: expected [110119GR9574] but found []
	at org.testng.Assert.fail(Assert.java:96)
	at org.testng.Assert.failNotEquals(Assert.java:776)
	at org.testng.Assert.assertEqualsImpl(Assert.java:137)
	at org.testng.Assert.assertEquals(Assert.java:118)
	at org.testng.Assert.assertEquals(Assert.java:453)
	at org.testng.Assert.assertEquals(Assert.java:463)
	at zagg.prodRegistration.ProductRegistartionMethods.reviewProductAndRegister(ProductRegistartionMethods.java:467)
	at zagg.prodRegistration.ProductRegistartionTests.registerProdThruSerialNumber(ProductRegistartionTests.java:75)
	at sun.reflect.NativeMethodAccessorImpl.invoke0(Native Method)
	at sun.reflect.NativeMethodAccessorImpl.invoke(NativeMethodAccessorImpl.java:62)
	at sun.reflect.DelegatingMethodAccessorImpl.invoke(DelegatingMethodAccessorImpl.java:43)
	at java.lang.reflect.Method.invoke(Method.java:498)
	at org.testng.internal.MethodInvocationHelper.invokeMethod(MethodInvocationHelper.java:124)
	at org.testng.internal.Invoker.invokeMethod(Invoker.java:583)
	at org.testng.internal.Invoker.invokeTestMethod(Invoker.java:719)
	at org.testng.internal.Invoker.invokeTestMethods(Invoker.java:989)
	at org.testng.internal.TestMethodWorker.invokeTestMethods(TestMethodWorker.java:125)
	at org.testng.internal.TestMethodWorker.run(TestMethodWorker.java:109)
	at org.testng.TestRunner.privateRun(TestRunner.java:648)
	at org.testng.TestRunner.run(TestRunner.java:505)
	at org.testng.SuiteRunner.runTest(SuiteRunner.java:455)
	at org.testng.SuiteRunner.access$000(SuiteRunner.java:40)
	at org.testng.SuiteRunner$SuiteWorker.run(SuiteRunner.java:489)
	at org.testng.internal.thread.ThreadUtil$1.call(ThreadUtil.java:52)
	at java.util.concurrent.FutureTask.run(FutureTask.java:266)
	at java.util.concurrent.ThreadPoolExecutor.runWorker(ThreadPoolExecutor.java:1149)
	at java.util.concurrent.ThreadPoolExecutor$Worker.run(ThreadPoolExecutor.java:624)
	at java.lang.Thread.run(Thread.java:748)
</pre></div></td>
<td>59</td>
<td>zagg.prodRegistration.ProductRegistartionTests@68bbe345</td></tr>
<tr>
<td title='zagg.prodRegistration.ProductRegistartionTests.serialNumberValidationInSections()'><b>serialNumberValidationInSections</b><br>Test class: zagg.prodRegistration.ProductRegistartionTests</td>
<td><div><pre>java.lang.AssertionError: The following asserts failed:
	expected [This is a required field.] but found [This is a required field]
	at zagg.prodRegistration.ProductRegistartionMethods.serialValidation(ProductRegistartionMethods.java:356)
	at zagg.prodRegistration.ProductRegistartionTests.serialNumberValidationInSections(ProductRegistartionTests.java:45)
	at java.util.concurrent.FutureTask.run(FutureTask.java:266)
	at java.util.concurrent.ThreadPoolExecutor.runWorker(ThreadPoolExecutor.java:1149)
	at java.util.concurrent.ThreadPoolExecutor$Worker.run(ThreadPoolExecutor.java:624)
	at java.lang.Thread.run(Thread.java:748)
... Removed 17 stack frames</pre></div><a href='#' onClick='toggleBox("stack-trace355041981", this, "Click to show all stack frames", "Click to hide stack frames")'>Click to show all stack frames</a>
<div class='stack-trace' id='stack-trace355041981'><pre>java.lang.AssertionError: The following asserts failed:
	expected [This is a required field.] but found [This is a required field]
	at org.testng.asserts.SoftAssert.assertAll(SoftAssert.java:43)
	at zagg.prodRegistration.ProductRegistartionMethods.serialValidation(ProductRegistartionMethods.java:356)
	at zagg.prodRegistration.ProductRegistartionTests.serialNumberValidationInSections(ProductRegistartionTests.java:45)
	at sun.reflect.NativeMethodAccessorImpl.invoke0(Native Method)
	at sun.reflect.NativeMethodAccessorImpl.invoke(NativeMethodAccessorImpl.java:62)
	at sun.reflect.DelegatingMethodAccessorImpl.invoke(DelegatingMethodAccessorImpl.java:43)
	at java.lang.reflect.Method.invoke(Method.java:498)
	at org.testng.internal.MethodInvocationHelper.invokeMethod(MethodInvocationHelper.java:124)
	at org.testng.internal.Invoker.invokeMethod(Invoker.java:583)
	at org.testng.internal.Invoker.invokeTestMethod(Invoker.java:719)
	at org.testng.internal.Invoker.invokeTestMethods(Invoker.java:989)
	at org.testng.internal.TestMethodWorker.invokeTestMethods(TestMethodWorker.java:125)
	at org.testng.internal.TestMethodWorker.run(TestMethodWorker.java:109)
	at org.testng.TestRunner.privateRun(TestRunner.java:648)
	at org.testng.TestRunner.run(TestRunner.java:505)
	at org.testng.SuiteRunner.runTest(SuiteRunner.java:455)
	at org.testng.SuiteRunner.access$000(SuiteRunner.java:40)
	at org.testng.SuiteRunner$SuiteWorker.run(SuiteRunner.java:489)
	at org.testng.internal.thread.ThreadUtil$1.call(ThreadUtil.java:52)
	at java.util.concurrent.FutureTask.run(FutureTask.java:266)
	at java.util.concurrent.ThreadPoolExecutor.runWorker(ThreadPoolExecutor.java:1149)
	at java.util.concurrent.ThreadPoolExecutor$Worker.run(ThreadPoolExecutor.java:624)
	at java.lang.Thread.run(Thread.java:748)
</pre></div></td>
<td>19</td>
<td>zagg.prodRegistration.ProductRegistartionTests@68bbe345</td></tr>
<tr>
<td title='zagg.prodRegistration.ProductRegistartionTests.verifyAllFields()'><b>verifyAllFields</b><br>Test class: zagg.prodRegistration.ProductRegistartionTests</td>
<td><div><pre>java.lang.AssertionError: The following asserts failed:
	expected [This is a required field.] but found [This is a required field]
	at zagg.prodRegistration.ProductRegistartionMethods.validateAllFieldsforPR(ProductRegistartionMethods.java:183)
	at zagg.prodRegistration.ProductRegistartionTests.verifyAllFields(ProductRegistartionTests.java:35)
	at java.util.concurrent.FutureTask.run(FutureTask.java:266)
	at java.util.concurrent.ThreadPoolExecutor.runWorker(ThreadPoolExecutor.java:1149)
	at java.util.concurrent.ThreadPoolExecutor$Worker.run(ThreadPoolExecutor.java:624)
	at java.lang.Thread.run(Thread.java:748)
... Removed 17 stack frames</pre></div><a href='#' onClick='toggleBox("stack-trace1905095609", this, "Click to show all stack frames", "Click to hide stack frames")'>Click to show all stack frames</a>
<div class='stack-trace' id='stack-trace1905095609'><pre>java.lang.AssertionError: The following asserts failed:
	expected [This is a required field.] but found [This is a required field]
	at org.testng.asserts.SoftAssert.assertAll(SoftAssert.java:43)
	at zagg.prodRegistration.ProductRegistartionMethods.validateAllFieldsforPR(ProductRegistartionMethods.java:183)
	at zagg.prodRegistration.ProductRegistartionTests.verifyAllFields(ProductRegistartionTests.java:35)
	at sun.reflect.NativeMethodAccessorImpl.invoke0(Native Method)
	at sun.reflect.NativeMethodAccessorImpl.invoke(NativeMethodAccessorImpl.java:62)
	at sun.reflect.DelegatingMethodAccessorImpl.invoke(DelegatingMethodAccessorImpl.java:43)
	at java.lang.reflect.Method.invoke(Method.java:498)
	at org.testng.internal.MethodInvocationHelper.invokeMethod(MethodInvocationHelper.java:124)
	at org.testng.internal.Invoker.invokeMethod(Invoker.java:583)
	at org.testng.internal.Invoker.invokeTestMethod(Invoker.java:719)
	at org.testng.internal.Invoker.invokeTestMethods(Invoker.java:989)
	at org.testng.internal.TestMethodWorker.invokeTestMethods(TestMethodWorker.java:125)
	at org.testng.internal.TestMethodWorker.run(TestMethodWorker.java:109)
	at org.testng.TestRunner.privateRun(TestRunner.java:648)
	at org.testng.TestRunner.run(TestRunner.java:505)
	at org.testng.SuiteRunner.runTest(SuiteRunner.java:455)
	at org.testng.SuiteRunner.access$000(SuiteRunner.java:40)
	at org.testng.SuiteRunner$SuiteWorker.run(SuiteRunner.java:489)
	at org.testng.internal.thread.ThreadUtil$1.call(ThreadUtil.java:52)
	at java.util.concurrent.FutureTask.run(FutureTask.java:266)
	at java.util.concurrent.ThreadPoolExecutor.runWorker(ThreadPoolExecutor.java:1149)
	at java.util.concurrent.ThreadPoolExecutor$Worker.run(ThreadPoolExecutor.java:624)
	at java.lang.Thread.run(Thread.java:748)
</pre></div></td>
<td>39</td>
<td>zagg.prodRegistration.ProductRegistartionTests@68bbe345</td></tr>
</table><p>
<table width='100%' border='1' class='invocation-passed'>
<tr><td colspan='4' align='center'><b>PASSED TESTS</b></td></tr>
<tr><td><b>Test method</b></td>
<td width="30%"><b>Exception</b></td>
<td width="10%"><b>Time (seconds)</b></td>
<td><b>Instance</b></td>
</tr>
<tr>
<td title='zagg.prodRegistration.ProductRegistartionTests.calender_FutureDateValidation()'><b>calender_FutureDateValidation</b><br>Test class: zagg.prodRegistration.ProductRegistartionTests</td>
<td></td>
<td>26</td>
<td>zagg.prodRegistration.ProductRegistartionTests@68bbe345</td></tr>
<tr>
<td title='zagg.prodRegistration.ProductRegistartionTests.loginAndNav2PR()'><b>loginAndNav2PR</b><br>Test class: zagg.prodRegistration.ProductRegistartionTests</td>
<td></td>
<td>24</td>
<td>zagg.prodRegistration.ProductRegistartionTests@68bbe345</td></tr>
<tr>
<td title='zagg.prodRegistration.ProductRegistartionTests.quitAll()'><b>quitAll</b><br>Test class: zagg.prodRegistration.ProductRegistartionTests</td>
<td></td>
<td>2</td>
<td>zagg.prodRegistration.ProductRegistartionTests@68bbe345</td></tr>
<tr>
<td title='zagg.prodRegistration.ProductRegistartionTests.validateSerialNumberWithAnotherUser()'><b>validateSerialNumberWithAnotherUser</b><br>Test class: zagg.prodRegistration.ProductRegistartionTests</td>
<td></td>
<td>38</td>
<td>zagg.prodRegistration.ProductRegistartionTests@68bbe345</td></tr>
</table><p>
</body>
</html>