<?xml version="1.0" encoding="UTF-8"?>
<!-- Generated by org.testng.reporters.JUnitXMLReporter -->
<testsuite hostname="tulasi-mbp.lan" ignored="0" name="SecondTest" tests="1" failures="1" timestamp="26 Sep 2019 12:22:06 GMT" time="268.827" errors="0">
  <testcase name="shop_placeOrderWithAmazonPay" time="244.397" classname="zagg.shop.Shop_placeOrderWithAmazonPay">
    <failure type="java.lang.AssertionError" message="expected [THANK YOU FOR YOUR ORDER] but found [null]">
      <![CDATA[java.lang.AssertionError: expected [THANK YOU FOR YOUR ORDER] but found [null]
at zagg.shop.shoppingMethods.verifyOrderStatus(shoppingMethods.java:135)
at zagg.shop.Shop_placeOrderWithAmazonPay.shop_placeOrderWithAmazonPay(Shop_placeOrderWithAmazonPay.java:22)
at java.util.concurrent.FutureTask.run(FutureTask.java:266)
at java.util.concurrent.ThreadPoolExecutor.runWorker(ThreadPoolExecutor.java:1149)
at java.util.concurrent.ThreadPoolExecutor$Worker.run(ThreadPoolExecutor.java:624)
at java.lang.Thread.run(Thread.java:748)
... Removed 22 stack frames]]>
    </failure>
  </testcase> <!-- shop_placeOrderWithAmazonPay -->
</testsuite> <!-- SecondTest -->
